<?xml version="1.0" encoding="UTF-8"?>
<!-- Generated by org.testng.reporters.JUnitXMLReporter -->
<testsuite ignored="0" hostname="EC2AMAZ-EHR6SVV" failures="0" tests="7" name="Default test" time="8.82" errors="0" timestamp="2024-12-26T12:12:50 IST">
  <testcase classname="com.spree.test.Countries" name="T01_getDefaultCountries" time="3.02"/>
  <testcase classname="com.spree.test.Countries" name="T02_retrieveaCountry" time="0.493"/>
  <testcase classname="com.spree.test.Countries" name="T02_retrieveaCountry" time="0.454"/>
  <testcase classname="com.spree.test.Countries" name="T02_retrieveaCountry" time="0.99"/>
  <testcase classname="com.spree.test.Countries" name="T02_retrieveaCountry" time="0.456"/>
  <testcase classname="com.spree.test.Countries" name="T02_retrieveaCountry" time="0.433"/>
  <testcase classname="com.spree.test.Countries" name="T03_listallCountries" time="1.405"/>
</testsuite> <!-- Default test -->
