<?xml version="1.0" encoding="UTF-8"?>
<testng-results ignored="0" total="7" passed="7" failed="0" skipped="0">
  <reporter-output>
  </reporter-output>
  <suite started-at="2024-12-26T12:12:41 IST" name="Default suite" finished-at="2024-12-26T12:12:50 IST" duration-ms="8820">
    <groups>
    </groups>
    <test started-at="2024-12-26T12:12:41 IST" name="Default test" finished-at="2024-12-26T12:12:50 IST" duration-ms="8820">
      <class name="com.spree.test.Countries">
        <test-method is-config="true" signature="SetUp()[pri:0, instance:com.spree.test.Countries@3fc2959f]" started-at="2024-12-26T12:12:41 IST" name="SetUp" finished-at="2024-12-26T12:12:42 IST" duration-ms="529" status="PASS">
          <reporter-output>
          </reporter-output>
        </test-method> <!-- SetUp -->
        <test-method is-config="true" signature="setup()[pri:0, instance:com.spree.test.Countries@3fc2959f]" started-at="2024-12-26T12:12:42 IST" name="setup" finished-at="2024-12-26T12:12:42 IST" duration-ms="480" status="PASS">
          <reporter-output>
          </reporter-output>
        </test-method> <!-- setup -->
        <test-method signature="T01_getDefaultCountries()[pri:1, instance:com.spree.test.Countries@3fc2959f]" started-at="2024-12-26T12:12:42 IST" name="T01_getDefaultCountries" finished-at="2024-12-26T12:12:45 IST" duration-ms="3020" status="PASS">
          <reporter-output>
          </reporter-output>
        </test-method> <!-- T01_getDefaultCountries -->
        <test-method is-config="true" signature="tearDown(org.testng.ITestResult)[pri:0, instance:com.spree.test.Countries@3fc2959f]" started-at="2024-12-26T12:12:45 IST" name="tearDown" finished-at="2024-12-26T12:12:45 IST" duration-ms="10" status="PASS">
          <params>
            <param index="0">
              <value>
                <![CDATA[[TestResult name=T01_getDefaultCountries status=SUCCESS method=Countries.T01_getDefaultCountries()[pri:1, instance:com.spree.test.Countries@3fc2959f] output={null}]]]>
              </value>
            </param>
          </params>
          <reporter-output>
          </reporter-output>
        </test-method> <!-- tearDown -->
        <test-method signature="T02_retrieveaCountry(java.lang.String,java.lang.String,java.lang.String)[pri:2, instance:com.spree.test.Countries@3fc2959f]" started-at="2024-12-26T12:12:45 IST" name="T02_retrieveaCountry" data-provider="country_iso" finished-at="2024-12-26T12:12:46 IST" duration-ms="493" status="PASS">
          <params>
            <param index="0">
              <value>
                <![CDATA[usa]]>
              </value>
            </param>
            <param index="1">
              <value>
                <![CDATA[UNITED STATES]]>
              </value>
            </param>
            <param index="2">
              <value>
                <![CDATA[USA]]>
              </value>
            </param>
          </params>
          <reporter-output>
          </reporter-output>
        </test-method> <!-- T02_retrieveaCountry -->
        <test-method is-config="true" signature="tearDown(org.testng.ITestResult)[pri:0, instance:com.spree.test.Countries@3fc2959f]" started-at="2024-12-26T12:12:46 IST" name="tearDown" finished-at="2024-12-26T12:12:46 IST" duration-ms="1" status="PASS">
          <params>
            <param index="0">
              <value>
                <![CDATA[[TestResult name=T02_retrieveaCountry status=SUCCESS method=Countries.T02_retrieveaCountry(java.lang.String,java.lang.String,java.lang.String)[pri:2, instance:com.spree.test.Countries@3fc2959f] output={null}]]]>
              </value>
            </param>
          </params>
          <reporter-output>
          </reporter-output>
        </test-method> <!-- tearDown -->
        <test-method signature="T02_retrieveaCountry(java.lang.String,java.lang.String,java.lang.String)[pri:2, instance:com.spree.test.Countries@3fc2959f]" started-at="2024-12-26T12:12:46 IST" name="T02_retrieveaCountry" data-provider="country_iso" finished-at="2024-12-26T12:12:46 IST" duration-ms="454" status="PASS">
          <params>
            <param index="0">
              <value>
                <![CDATA[ind]]>
              </value>
            </param>
            <param index="1">
              <value>
                <![CDATA[INDIA]]>
              </value>
            </param>
            <param index="2">
              <value>
                <![CDATA[IND]]>
              </value>
            </param>
          </params>
          <reporter-output>
          </reporter-output>
        </test-method> <!-- T02_retrieveaCountry -->
        <test-method is-config="true" signature="tearDown(org.testng.ITestResult)[pri:0, instance:com.spree.test.Countries@3fc2959f]" started-at="2024-12-26T12:12:46 IST" name="tearDown" finished-at="2024-12-26T12:12:46 IST" duration-ms="1" status="PASS">
          <params>
            <param index="0">
              <value>
                <![CDATA[[TestResult name=T02_retrieveaCountry status=SUCCESS method=Countries.T02_retrieveaCountry(java.lang.String,java.lang.String,java.lang.String)[pri:2, instance:com.spree.test.Countries@3fc2959f] output={null}]]]>
              </value>
            </param>
          </params>
          <reporter-output>
          </reporter-output>
        </test-method> <!-- tearDown -->
        <test-method signature="T02_retrieveaCountry(java.lang.String,java.lang.String,java.lang.String)[pri:2, instance:com.spree.test.Countries@3fc2959f]" started-at="2024-12-26T12:12:46 IST" name="T02_retrieveaCountry" data-provider="country_iso" finished-at="2024-12-26T12:12:47 IST" duration-ms="990" status="PASS">
          <params>
            <param index="0">
              <value>
                <![CDATA[pak]]>
              </value>
            </param>
            <param index="1">
              <value>
                <![CDATA[PAKISTAN]]>
              </value>
            </param>
            <param index="2">
              <value>
                <![CDATA[PAK]]>
              </value>
            </param>
          </params>
          <reporter-output>
          </reporter-output>
        </test-method> <!-- T02_retrieveaCountry -->
        <test-method is-config="true" signature="tearDown(org.testng.ITestResult)[pri:0, instance:com.spree.test.Countries@3fc2959f]" started-at="2024-12-26T12:12:47 IST" name="tearDown" finished-at="2024-12-26T12:12:47 IST" duration-ms="1" status="PASS">
          <params>
            <param index="0">
              <value>
                <![CDATA[[TestResult name=T02_retrieveaCountry status=SUCCESS method=Countries.T02_retrieveaCountry(java.lang.String,java.lang.String,java.lang.String)[pri:2, instance:com.spree.test.Countries@3fc2959f] output={null}]]]>
              </value>
            </param>
          </params>
          <reporter-output>
          </reporter-output>
        </test-method> <!-- tearDown -->
        <test-method signature="T02_retrieveaCountry(java.lang.String,java.lang.String,java.lang.String)[pri:2, instance:com.spree.test.Countries@3fc2959f]" started-at="2024-12-26T12:12:47 IST" name="T02_retrieveaCountry" data-provider="country_iso" finished-at="2024-12-26T12:12:48 IST" duration-ms="456" status="PASS">
          <params>
            <param index="0">
              <value>
                <![CDATA[gb]]>
              </value>
            </param>
            <param index="1">
              <value>
                <![CDATA[UNITED KINGDOM]]>
              </value>
            </param>
            <param index="2">
              <value>
                <![CDATA[GBR]]>
              </value>
            </param>
          </params>
          <reporter-output>
          </reporter-output>
        </test-method> <!-- T02_retrieveaCountry -->
        <test-method is-config="true" signature="tearDown(org.testng.ITestResult)[pri:0, instance:com.spree.test.Countries@3fc2959f]" started-at="2024-12-26T12:12:48 IST" name="tearDown" finished-at="2024-12-26T12:12:48 IST" duration-ms="0" status="PASS">
          <params>
            <param index="0">
              <value>
                <![CDATA[[TestResult name=T02_retrieveaCountry status=SUCCESS method=Countries.T02_retrieveaCountry(java.lang.String,java.lang.String,java.lang.String)[pri:2, instance:com.spree.test.Countries@3fc2959f] output={null}]]]>
              </value>
            </param>
          </params>
          <reporter-output>
          </reporter-output>
        </test-method> <!-- tearDown -->
        <test-method signature="T02_retrieveaCountry(java.lang.String,java.lang.String,java.lang.String)[pri:2, instance:com.spree.test.Countries@3fc2959f]" started-at="2024-12-26T12:12:48 IST" name="T02_retrieveaCountry" data-provider="country_iso" finished-at="2024-12-26T12:12:48 IST" duration-ms="433" status="PASS">
          <params>
            <param index="0">
              <value>
                <![CDATA[afg]]>
              </value>
            </param>
            <param index="1">
              <value>
                <![CDATA[AFGHANISTAN]]>
              </value>
            </param>
            <param index="2">
              <value>
                <![CDATA[AFG]]>
              </value>
            </param>
          </params>
          <reporter-output>
          </reporter-output>
        </test-method> <!-- T02_retrieveaCountry -->
        <test-method is-config="true" signature="tearDown(org.testng.ITestResult)[pri:0, instance:com.spree.test.Countries@3fc2959f]" started-at="2024-12-26T12:12:48 IST" name="tearDown" finished-at="2024-12-26T12:12:48 IST" duration-ms="2" status="PASS">
          <params>
            <param index="0">
              <value>
                <![CDATA[[TestResult name=T02_retrieveaCountry status=SUCCESS method=Countries.T02_retrieveaCountry(java.lang.String,java.lang.String,java.lang.String)[pri:2, instance:com.spree.test.Countries@3fc2959f] output={null}]]]>
              </value>
            </param>
          </params>
          <reporter-output>
          </reporter-output>
        </test-method> <!-- tearDown -->
        <test-method signature="T03_listallCountries()[pri:3, instance:com.spree.test.Countries@3fc2959f]" started-at="2024-12-26T12:12:48 IST" name="T03_listallCountries" finished-at="2024-12-26T12:12:50 IST" duration-ms="1405" status="PASS">
          <reporter-output>
          </reporter-output>
        </test-method> <!-- T03_listallCountries -->
        <test-method is-config="true" signature="tearDown(org.testng.ITestResult)[pri:0, instance:com.spree.test.Countries@3fc2959f]" started-at="2024-12-26T12:12:50 IST" name="tearDown" finished-at="2024-12-26T12:12:50 IST" duration-ms="1" status="PASS">
          <params>
            <param index="0">
              <value>
                <![CDATA[[TestResult name=T03_listallCountries status=SUCCESS method=Countries.T03_listallCountries()[pri:3, instance:com.spree.test.Countries@3fc2959f] output={null}]]]>
              </value>
            </param>
          </params>
          <reporter-output>
          </reporter-output>
        </test-method> <!-- tearDown -->
        <test-method is-config="true" signature="afterTest()[pri:0, instance:com.spree.test.Countries@3fc2959f]" started-at="2024-12-26T12:12:50 IST" name="afterTest" finished-at="2024-12-26T12:12:50 IST" duration-ms="428" status="PASS">
          <reporter-output>
          </reporter-output>
        </test-method> <!-- afterTest -->
      </class> <!-- com.spree.test.Countries -->
    </test> <!-- Default test -->
  </suite> <!-- Default suite -->
</testng-results>
